<?xml version="1.0" encoding="UTF-8"?>
<testng-results ignored="3" total="15" passed="9" failed="3" skipped="0">
  <reporter-output>
  </reporter-output>
  <suite started-at="2022-07-02T18:30:36 IST" name="Suite-1" finished-at="2022-07-02T18:31:44 IST" duration-ms="67711">
    <groups>
    </groups>
    <test started-at="2022-07-02T18:30:36 IST" name="Test" finished-at="2022-07-02T18:31:31 IST" duration-ms="55047">
      <class name="testclass.Suitclass">
        <test-method is-config="true" signature="beforeclass()[pri:0, instance:testclass.Suitclass@fa49800]" started-at="2022-07-02T18:30:36 IST" name="beforeclass" finished-at="2022-07-02T18:30:36 IST" duration-ms="20" status="PASS">
          <reporter-output>
          </reporter-output>
        </test-method> <!-- beforeclass -->
        <test-method is-config="true" signature="beforemethod()[pri:0, instance:testclass.Suitclass@fa49800]" started-at="2022-07-02T18:30:36 IST" name="beforemethod" finished-at="2022-07-02T18:30:36 IST" duration-ms="1" status="PASS">
          <reporter-output>
          </reporter-output>
        </test-method> <!-- beforemethod -->
        <test-method signature="test()[pri:0, instance:testclass.Suitclass@fa49800]" started-at="2022-07-02T18:30:36 IST" name="test" finished-at="2022-07-02T18:30:36 IST" duration-ms="12" status="PASS">
          <reporter-output>
          </reporter-output>
        </test-method> <!-- test -->
        <test-method is-config="true" signature="beforemethod()[pri:0, instance:testclass.Suitclass@fa49800]" started-at="2022-07-02T18:30:36 IST" name="beforemethod" finished-at="2022-07-02T18:30:36 IST" duration-ms="3" status="PASS">
          <reporter-output>
          </reporter-output>
        </test-method> <!-- beforemethod -->
        <test-method signature="test()[pri:0, instance:testclass.Suitclass@fa49800]" started-at="2022-07-02T18:30:36 IST" name="test" finished-at="2022-07-02T18:30:36 IST" duration-ms="10" status="PASS">
          <reporter-output>
          </reporter-output>
        </test-method> <!-- test -->
        <test-method is-config="true" signature="afterclass()[pri:0, instance:testclass.Suitclass@fa49800]" started-at="2022-07-02T18:30:36 IST" name="afterclass" finished-at="2022-07-02T18:30:36 IST" duration-ms="3" status="PASS">
          <reporter-output>
          </reporter-output>
        </test-method> <!-- afterclass -->
      </class> <!-- testclass.Suitclass -->
      <class name="testclass.Testclasststng">
        <test-method is-config="true" signature="beforeclass()[pri:0, instance:testclass.Testclasststng@25084a1e]" started-at="2022-07-02T18:30:36 IST" name="beforeclass" finished-at="2022-07-02T18:30:55 IST" duration-ms="18425" status="PASS">
          <reporter-output>
          </reporter-output>
        </test-method> <!-- beforeclass -->
        <test-method is-config="true" signature="homepagelogin()[pri:0, instance:testclass.Testclasststng@25084a1e]" started-at="2022-07-02T18:30:55 IST" name="homepagelogin" finished-at="2022-07-02T18:31:02 IST" duration-ms="6923" status="PASS">
          <reporter-output>
          </reporter-output>
        </test-method> <!-- homepagelogin -->
        <test-method signature="homepageleave()[pri:1, instance:testclass.Testclasststng@25084a1e]" started-at="2022-07-02T18:31:02 IST" name="homepageleave" finished-at="2022-07-02T18:31:08 IST" duration-ms="6269" status="PASS">
          <reporter-output>
          </reporter-output>
        </test-method> <!-- homepageleave -->
        <test-method is-config="true" signature="aftermethod()[pri:0, instance:testclass.Testclasststng@25084a1e]" started-at="2022-07-02T18:31:08 IST" name="aftermethod" finished-at="2022-07-02T18:31:10 IST" duration-ms="1831" status="PASS">
          <reporter-output>
          </reporter-output>
        </test-method> <!-- aftermethod -->
        <test-method is-config="true" signature="homepagelogin()[pri:0, instance:testclass.Testclasststng@25084a1e]" started-at="2022-07-02T18:31:10 IST" name="homepagelogin" finished-at="2022-07-02T18:31:12 IST" duration-ms="2607" status="PASS">
          <reporter-output>
          </reporter-output>
        </test-method> <!-- homepagelogin -->
        <test-method signature="homepageleave()[pri:1, instance:testclass.Testclasststng@25084a1e]" started-at="2022-07-02T18:31:12 IST" name="homepageleave" finished-at="2022-07-02T18:31:17 IST" duration-ms="4473" status="PASS">
          <reporter-output>
          </reporter-output>
        </test-method> <!-- homepageleave -->
        <test-method is-config="true" signature="aftermethod()[pri:0, instance:testclass.Testclasststng@25084a1e]" started-at="2022-07-02T18:31:17 IST" name="aftermethod" finished-at="2022-07-02T18:31:20 IST" duration-ms="2766" status="PASS">
          <reporter-output>
          </reporter-output>
        </test-method> <!-- aftermethod -->
        <test-method is-config="true" signature="homepagelogin()[pri:0, instance:testclass.Testclasststng@25084a1e]" started-at="2022-07-02T18:31:20 IST" name="homepagelogin" finished-at="2022-07-02T18:31:22 IST" duration-ms="2748" status="PASS">
          <reporter-output>
          </reporter-output>
        </test-method> <!-- homepagelogin -->
        <test-method signature="homepageleave()[pri:1, instance:testclass.Testclasststng@25084a1e]" started-at="2022-07-02T18:31:22 IST" name="homepageleave" finished-at="2022-07-02T18:31:28 IST" duration-ms="5568" status="PASS">
          <reporter-output>
          </reporter-output>
        </test-method> <!-- homepageleave -->
        <test-method is-config="true" signature="aftermethod()[pri:0, instance:testclass.Testclasststng@25084a1e]" started-at="2022-07-02T18:31:28 IST" name="aftermethod" finished-at="2022-07-02T18:31:30 IST" duration-ms="1931" status="PASS">
          <reporter-output>
          </reporter-output>
        </test-method> <!-- aftermethod -->
        <test-method is-config="true" signature="afterclass()[pri:0, instance:testclass.Testclasststng@25084a1e]" started-at="2022-07-02T18:31:30 IST" name="afterclass" finished-at="2022-07-02T18:31:31 IST" duration-ms="1432" status="PASS">
          <reporter-output>
          </reporter-output>
        </test-method> <!-- afterclass -->
      </class> <!-- testclass.Testclasststng -->
      <class name="Pomclass.Priority">
        <test-method is-config="true" signature="beforeclass()[pri:0, instance:Pomclass.Priority@16610890]" started-at="2022-07-02T18:30:36 IST" name="beforeclass" finished-at="2022-07-02T18:30:36 IST" duration-ms="20" status="PASS">
          <reporter-output>
          </reporter-output>
        </test-method> <!-- beforeclass -->
        <test-method is-config="true" signature="Method()[pri:0, instance:Pomclass.Priority@16610890]" started-at="2022-07-02T18:30:36 IST" name="Method" finished-at="2022-07-02T18:30:36 IST" duration-ms="1" status="PASS">
          <reporter-output>
          </reporter-output>
        </test-method> <!-- Method -->
        <test-method signature="test3()[pri:0, instance:Pomclass.Priority@16610890]" started-at="2022-07-02T18:30:36 IST" name="test3" finished-at="2022-07-02T18:30:36 IST" duration-ms="9" status="PASS">
          <reporter-output>
          </reporter-output>
        </test-method> <!-- test3 -->
        <test-method is-config="true" signature="aftermethod()[pri:0, instance:Pomclass.Priority@16610890]" started-at="2022-07-02T18:30:36 IST" name="aftermethod" finished-at="2022-07-02T18:30:36 IST" duration-ms="1" status="PASS">
          <reporter-output>
          </reporter-output>
        </test-method> <!-- aftermethod -->
        <test-method is-config="true" signature="afterclass()[pri:0, instance:Pomclass.Priority@16610890]" started-at="2022-07-02T18:30:36 IST" name="afterclass" finished-at="2022-07-02T18:30:36 IST" duration-ms="1" status="PASS">
          <reporter-output>
          </reporter-output>
        </test-method> <!-- afterclass -->
      </class> <!-- Pomclass.Priority -->
    </test> <!-- Test -->
    <test started-at="2022-07-02T18:30:36 IST" name="ff" finished-at="2022-07-02T18:31:44 IST" duration-ms="67711">
      <class name="testclass.Suitclass">
        <test-method is-config="true" signature="beforeclass()[pri:0, instance:testclass.Suitclass@342c38f8]" started-at="2022-07-02T18:30:36 IST" name="beforeclass" finished-at="2022-07-02T18:30:36 IST" duration-ms="18" status="PASS">
          <reporter-output>
          </reporter-output>
        </test-method> <!-- beforeclass -->
        <test-method is-config="true" signature="beforemethod()[pri:0, instance:testclass.Suitclass@342c38f8]" started-at="2022-07-02T18:30:36 IST" name="beforemethod" finished-at="2022-07-02T18:30:36 IST" duration-ms="2" status="PASS">
          <reporter-output>
          </reporter-output>
        </test-method> <!-- beforemethod -->
        <test-method signature="test()[pri:0, instance:testclass.Suitclass@342c38f8]" started-at="2022-07-02T18:30:36 IST" name="test" finished-at="2022-07-02T18:30:36 IST" duration-ms="10" status="PASS">
          <reporter-output>
          </reporter-output>
        </test-method> <!-- test -->
        <test-method is-config="true" signature="beforemethod()[pri:0, instance:testclass.Suitclass@342c38f8]" started-at="2022-07-02T18:30:36 IST" name="beforemethod" finished-at="2022-07-02T18:30:36 IST" duration-ms="0" status="PASS">
          <reporter-output>
          </reporter-output>
        </test-method> <!-- beforemethod -->
        <test-method signature="test()[pri:0, instance:testclass.Suitclass@342c38f8]" started-at="2022-07-02T18:30:36 IST" name="test" finished-at="2022-07-02T18:30:36 IST" duration-ms="14" status="PASS">
          <reporter-output>
          </reporter-output>
        </test-method> <!-- test -->
        <test-method is-config="true" signature="afterclass()[pri:0, instance:testclass.Suitclass@342c38f8]" started-at="2022-07-02T18:30:36 IST" name="afterclass" finished-at="2022-07-02T18:30:36 IST" duration-ms="1" status="PASS">
          <reporter-output>
          </reporter-output>
        </test-method> <!-- afterclass -->
      </class> <!-- testclass.Suitclass -->
      <class name="testclass.Testclasststng">
        <test-method is-config="true" signature="beforeclass()[pri:0, instance:testclass.Testclasststng@485966cc]" started-at="2022-07-02T18:30:36 IST" name="beforeclass" finished-at="2022-07-02T18:30:54 IST" duration-ms="17921" status="PASS">
          <reporter-output>
          </reporter-output>
        </test-method> <!-- beforeclass -->
        <test-method is-config="true" signature="homepagelogin()[pri:0, instance:testclass.Testclasststng@485966cc]" started-at="2022-07-02T18:30:54 IST" name="homepagelogin" finished-at="2022-07-02T18:31:02 IST" duration-ms="7526" status="PASS">
          <reporter-output>
          </reporter-output>
        </test-method> <!-- homepagelogin -->
        <test-method signature="homepageleave()[pri:1, instance:testclass.Testclasststng@485966cc]" started-at="2022-07-02T18:31:02 IST" name="homepageleave" finished-at="2022-07-02T18:31:09 IST" duration-ms="6944" status="FAIL">
          <exception class="org.openqa.selenium.ElementClickInterceptedException">
            <message>
              <![CDATA[element click intercepted: Element <input type="checkbox" name="leaveList[cmbWithTerminated]" value="on" id="leaveList_cmbWithTerminated"> is not clickable at point (192, 449). Other element would receive the click: <a class="ui-state-default" href="#">...</a>
  (Session info: chrome=103.0.5060.66)
Build info: version: '4.1.4', revision: '535d840ee2'
System info: host: 'HP', ip: '192.168.232.45', os.name: 'Windows 8', os.arch: 'amd64', os.version: '6.2', java.version: '16.0.2'
Driver info: org.openqa.selenium.chrome.ChromeDriver
Command: [403df0e89f17f1b70bcc3fc4a9abb04b, clickElement {id=564d2fc0-e8e5-469e-a1df-f20647d556f6}]
Capabilities {acceptInsecureCerts: false, browserName: chrome, browserVersion: 103.0.5060.66, chrome: {chromedriverVersion: 102.0.5005.61 (0e59bcc00cc4..., userDataDir: C:\Users\WIN8~1\AppData\Loc...}, goog:chromeOptions: {debuggerAddress: localhost:49546}, javascriptEnabled: true, networkConnectionEnabled: false, pageLoadStrategy: normal, platform: WINDOWS, platformName: WINDOWS, proxy: Proxy(), se:cdp: ws://localhost:49546/devtoo..., se:cdpVersion: 103.0.5060.66, setWindowRect: true, strictFileInteractability: false, timeouts: {implicit: 0, pageLoad: 300000, script: 30000}, unhandledPromptBehavior: dismiss and notify, webauthn:extension:credBlob: true, webauthn:extension:largeBlob: true, webauthn:virtualAuthenticators: true}
Element: [[ChromeDriver: chrome on WINDOWS (403df0e89f17f1b70bcc3fc4a9abb04b)] -> xpath: //input [@id ='leaveList_cmbWithTerminated']]
Session ID: 403df0e89f17f1b70bcc3fc4a9abb04b]]>
            </message>
            <full-stacktrace>
              <![CDATA[org.openqa.selenium.ElementClickInterceptedException: element click intercepted: Element <input type="checkbox" name="leaveList[cmbWithTerminated]" value="on" id="leaveList_cmbWithTerminated"> is not clickable at point (192, 449). Other element would receive the click: <a class="ui-state-default" href="#">...</a>
  (Session info: chrome=103.0.5060.66)
Build info: version: '4.1.4', revision: '535d840ee2'
System info: host: 'HP', ip: '192.168.232.45', os.name: 'Windows 8', os.arch: 'amd64', os.version: '6.2', java.version: '16.0.2'
Driver info: org.openqa.selenium.chrome.ChromeDriver
Command: [403df0e89f17f1b70bcc3fc4a9abb04b, clickElement {id=564d2fc0-e8e5-469e-a1df-f20647d556f6}]
Capabilities {acceptInsecureCerts: false, browserName: chrome, browserVersion: 103.0.5060.66, chrome: {chromedriverVersion: 102.0.5005.61 (0e59bcc00cc4..., userDataDir: C:\Users\WIN8~1\AppData\Loc...}, goog:chromeOptions: {debuggerAddress: localhost:49546}, javascriptEnabled: true, networkConnectionEnabled: false, pageLoadStrategy: normal, platform: WINDOWS, platformName: WINDOWS, proxy: Proxy(), se:cdp: ws://localhost:49546/devtoo..., se:cdpVersion: 103.0.5060.66, setWindowRect: true, strictFileInteractability: false, timeouts: {implicit: 0, pageLoad: 300000, script: 30000}, unhandledPromptBehavior: dismiss and notify, webauthn:extension:credBlob: true, webauthn:extension:largeBlob: true, webauthn:virtualAuthenticators: true}
Element: [[ChromeDriver: chrome on WINDOWS (403df0e89f17f1b70bcc3fc4a9abb04b)] -> xpath: //input [@id ='leaveList_cmbWithTerminated']]
Session ID: 403df0e89f17f1b70bcc3fc4a9abb04b
at java.base/jdk.internal.reflect.NativeConstructorAccessorImpl.newInstance0(Native Method)
at java.base/jdk.internal.reflect.NativeConstructorAccessorImpl.newInstance(NativeConstructorAccessorImpl.java:78)
at java.base/jdk.internal.reflect.DelegatingConstructorAccessorImpl.newInstance(DelegatingConstructorAccessorImpl.java:45)
at java.base/java.lang.reflect.Constructor.newInstanceWithCaller(Constructor.java:499)
at java.base/java.lang.reflect.Constructor.newInstance(Constructor.java:480)
at org.openqa.selenium.remote.codec.w3c.W3CHttpResponseCodec.createException(W3CHttpResponseCodec.java:200)
at org.openqa.selenium.remote.codec.w3c.W3CHttpResponseCodec.decode(W3CHttpResponseCodec.java:133)
at org.openqa.selenium.remote.codec.w3c.W3CHttpResponseCodec.decode(W3CHttpResponseCodec.java:53)
at org.openqa.selenium.remote.HttpCommandExecutor.execute(HttpCommandExecutor.java:184)
at org.openqa.selenium.remote.service.DriverCommandExecutor.invokeExecute(DriverCommandExecutor.java:167)
at org.openqa.selenium.remote.service.DriverCommandExecutor.execute(DriverCommandExecutor.java:142)
at org.openqa.selenium.remote.RemoteWebDriver.execute(RemoteWebDriver.java:567)
at org.openqa.selenium.remote.RemoteWebElement.execute(RemoteWebElement.java:251)
at org.openqa.selenium.remote.RemoteWebElement.click(RemoteWebElement.java:77)
at java.base/jdk.internal.reflect.NativeMethodAccessorImpl.invoke0(Native Method)
at java.base/jdk.internal.reflect.NativeMethodAccessorImpl.invoke(NativeMethodAccessorImpl.java:78)
at java.base/jdk.internal.reflect.DelegatingMethodAccessorImpl.invoke(DelegatingMethodAccessorImpl.java:43)
at java.base/java.lang.reflect.Method.invoke(Method.java:567)
at org.openqa.selenium.support.pagefactory.internal.LocatingElementHandler.invoke(LocatingElementHandler.java:52)
at jdk.proxy2/jdk.proxy2.$Proxy18.click(Unknown Source)
at Pomclass.Leavemodule.leavepastemp(Leavemodule.java:75)
at testclass.Testclasststng.homepageleave(Testclasststng.java:58)
at java.base/jdk.internal.reflect.NativeMethodAccessorImpl.invoke0(Native Method)
at java.base/jdk.internal.reflect.NativeMethodAccessorImpl.invoke(NativeMethodAccessorImpl.java:78)
at java.base/jdk.internal.reflect.DelegatingMethodAccessorImpl.invoke(DelegatingMethodAccessorImpl.java:43)
at java.base/java.lang.reflect.Method.invoke(Method.java:567)
at org.testng.internal.MethodInvocationHelper.invokeMethod(MethodInvocationHelper.java:133)
at org.testng.internal.TestInvoker.invokeMethod(TestInvoker.java:598)
at org.testng.internal.TestInvoker.invokeTestMethod(TestInvoker.java:173)
at org.testng.internal.MethodRunner.runInSequence(MethodRunner.java:46)
at org.testng.internal.TestInvoker$MethodInvocationAgent.invoke(TestInvoker.java:824)
at org.testng.internal.TestInvoker.invokeTestMethods(TestInvoker.java:146)
at org.testng.internal.TestMethodWorker.invokeTestMethods(TestMethodWorker.java:146)
at org.testng.internal.TestMethodWorker.run(TestMethodWorker.java:128)
at java.base/java.util.ArrayList.forEach(ArrayList.java:1511)
at org.testng.TestRunner.privateRun(TestRunner.java:794)
at org.testng.TestRunner.run(TestRunner.java:596)
at org.testng.SuiteRunner.runTest(SuiteRunner.java:377)
at org.testng.SuiteRunner.access$000(SuiteRunner.java:28)
at org.testng.SuiteRunner$SuiteWorker.run(SuiteRunner.java:418)
at org.testng.internal.thread.ThreadUtil.lambda$execute$0(ThreadUtil.java:64)
at java.base/java.util.concurrent.FutureTask.run(FutureTask.java:264)
at java.base/java.util.concurrent.ThreadPoolExecutor.runWorker(ThreadPoolExecutor.java:1130)
at java.base/java.util.concurrent.ThreadPoolExecutor$Worker.run(ThreadPoolExecutor.java:630)
at java.base/java.lang.Thread.run(Thread.java:831)
]]>
            </full-stacktrace>
          </exception> <!-- org.openqa.selenium.ElementClickInterceptedException -->
          <reporter-output>
          </reporter-output>
        </test-method> <!-- homepageleave -->
        <test-method is-config="true" signature="aftermethod()[pri:0, instance:testclass.Testclasststng@485966cc]" started-at="2022-07-02T18:31:09 IST" name="aftermethod" finished-at="2022-07-02T18:31:11 IST" duration-ms="2535" status="PASS">
          <reporter-output>
          </reporter-output>
        </test-method> <!-- aftermethod -->
        <test-method is-config="true" signature="homepagelogin()[pri:0, instance:testclass.Testclasststng@485966cc]" started-at="2022-07-02T18:31:11 IST" name="homepagelogin" finished-at="2022-07-02T18:31:15 IST" duration-ms="3434" status="PASS">
          <reporter-output>
          </reporter-output>
        </test-method> <!-- homepagelogin -->
        <test-method signature="homepageleave()[pri:1, instance:testclass.Testclasststng@485966cc]" started-at="2022-07-02T18:31:15 IST" name="homepageleave" finished-at="2022-07-02T18:31:20 IST" duration-ms="5114" status="FAIL">
          <exception class="org.openqa.selenium.ElementClickInterceptedException">
            <message>
              <![CDATA[element click intercepted: Element <input type="checkbox" name="leaveList[cmbWithTerminated]" value="on" id="leaveList_cmbWithTerminated"> is not clickable at point (192, 449). Other element would receive the click: <a class="ui-state-default" href="#">...</a>
  (Session info: chrome=103.0.5060.66)
Build info: version: '4.1.4', revision: '535d840ee2'
System info: host: 'HP', ip: '192.168.232.45', os.name: 'Windows 8', os.arch: 'amd64', os.version: '6.2', java.version: '16.0.2'
Driver info: org.openqa.selenium.chrome.ChromeDriver
Command: [403df0e89f17f1b70bcc3fc4a9abb04b, clickElement {id=36f21c1b-9ae3-4f3d-b6ec-217bd78e4ef8}]
Capabilities {acceptInsecureCerts: false, browserName: chrome, browserVersion: 103.0.5060.66, chrome: {chromedriverVersion: 102.0.5005.61 (0e59bcc00cc4..., userDataDir: C:\Users\WIN8~1\AppData\Loc...}, goog:chromeOptions: {debuggerAddress: localhost:49546}, javascriptEnabled: true, networkConnectionEnabled: false, pageLoadStrategy: normal, platform: WINDOWS, platformName: WINDOWS, proxy: Proxy(), se:cdp: ws://localhost:49546/devtoo..., se:cdpVersion: 103.0.5060.66, setWindowRect: true, strictFileInteractability: false, timeouts: {implicit: 0, pageLoad: 300000, script: 30000}, unhandledPromptBehavior: dismiss and notify, webauthn:extension:credBlob: true, webauthn:extension:largeBlob: true, webauthn:virtualAuthenticators: true}
Element: [[ChromeDriver: chrome on WINDOWS (403df0e89f17f1b70bcc3fc4a9abb04b)] -> xpath: //input [@id ='leaveList_cmbWithTerminated']]
Session ID: 403df0e89f17f1b70bcc3fc4a9abb04b]]>
            </message>
            <full-stacktrace>
              <![CDATA[org.openqa.selenium.ElementClickInterceptedException: element click intercepted: Element <input type="checkbox" name="leaveList[cmbWithTerminated]" value="on" id="leaveList_cmbWithTerminated"> is not clickable at point (192, 449). Other element would receive the click: <a class="ui-state-default" href="#">...</a>
  (Session info: chrome=103.0.5060.66)
Build info: version: '4.1.4', revision: '535d840ee2'
System info: host: 'HP', ip: '192.168.232.45', os.name: 'Windows 8', os.arch: 'amd64', os.version: '6.2', java.version: '16.0.2'
Driver info: org.openqa.selenium.chrome.ChromeDriver
Command: [403df0e89f17f1b70bcc3fc4a9abb04b, clickElement {id=36f21c1b-9ae3-4f3d-b6ec-217bd78e4ef8}]
Capabilities {acceptInsecureCerts: false, browserName: chrome, browserVersion: 103.0.5060.66, chrome: {chromedriverVersion: 102.0.5005.61 (0e59bcc00cc4..., userDataDir: C:\Users\WIN8~1\AppData\Loc...}, goog:chromeOptions: {debuggerAddress: localhost:49546}, javascriptEnabled: true, networkConnectionEnabled: false, pageLoadStrategy: normal, platform: WINDOWS, platformName: WINDOWS, proxy: Proxy(), se:cdp: ws://localhost:49546/devtoo..., se:cdpVersion: 103.0.5060.66, setWindowRect: true, strictFileInteractability: false, timeouts: {implicit: 0, pageLoad: 300000, script: 30000}, unhandledPromptBehavior: dismiss and notify, webauthn:extension:credBlob: true, webauthn:extension:largeBlob: true, webauthn:virtualAuthenticators: true}
Element: [[ChromeDriver: chrome on WINDOWS (403df0e89f17f1b70bcc3fc4a9abb04b)] -> xpath: //input [@id ='leaveList_cmbWithTerminated']]
Session ID: 403df0e89f17f1b70bcc3fc4a9abb04b
at java.base/jdk.internal.reflect.NativeConstructorAccessorImpl.newInstance0(Native Method)
at java.base/jdk.internal.reflect.NativeConstructorAccessorImpl.newInstance(NativeConstructorAccessorImpl.java:78)
at java.base/jdk.internal.reflect.DelegatingConstructorAccessorImpl.newInstance(DelegatingConstructorAccessorImpl.java:45)
at java.base/java.lang.reflect.Constructor.newInstanceWithCaller(Constructor.java:499)
at java.base/java.lang.reflect.Constructor.newInstance(Constructor.java:480)
at org.openqa.selenium.remote.codec.w3c.W3CHttpResponseCodec.createException(W3CHttpResponseCodec.java:200)
at org.openqa.selenium.remote.codec.w3c.W3CHttpResponseCodec.decode(W3CHttpResponseCodec.java:133)
at org.openqa.selenium.remote.codec.w3c.W3CHttpResponseCodec.decode(W3CHttpResponseCodec.java:53)
at org.openqa.selenium.remote.HttpCommandExecutor.execute(HttpCommandExecutor.java:184)
at org.openqa.selenium.remote.service.DriverCommandExecutor.invokeExecute(DriverCommandExecutor.java:167)
at org.openqa.selenium.remote.service.DriverCommandExecutor.execute(DriverCommandExecutor.java:142)
at org.openqa.selenium.remote.RemoteWebDriver.execute(RemoteWebDriver.java:567)
at org.openqa.selenium.remote.RemoteWebElement.execute(RemoteWebElement.java:251)
at org.openqa.selenium.remote.RemoteWebElement.click(RemoteWebElement.java:77)
at jdk.internal.reflect.GeneratedMethodAccessor1.invoke(Unknown Source)
at java.base/jdk.internal.reflect.DelegatingMethodAccessorImpl.invoke(DelegatingMethodAccessorImpl.java:43)
at java.base/java.lang.reflect.Method.invoke(Method.java:567)
at org.openqa.selenium.support.pagefactory.internal.LocatingElementHandler.invoke(LocatingElementHandler.java:52)
at jdk.proxy2/jdk.proxy2.$Proxy18.click(Unknown Source)
at Pomclass.Leavemodule.leavepastemp(Leavemodule.java:75)
at testclass.Testclasststng.homepageleave(Testclasststng.java:58)
at java.base/jdk.internal.reflect.NativeMethodAccessorImpl.invoke0(Native Method)
at java.base/jdk.internal.reflect.NativeMethodAccessorImpl.invoke(NativeMethodAccessorImpl.java:78)
at java.base/jdk.internal.reflect.DelegatingMethodAccessorImpl.invoke(DelegatingMethodAccessorImpl.java:43)
at java.base/java.lang.reflect.Method.invoke(Method.java:567)
at org.testng.internal.MethodInvocationHelper.invokeMethod(MethodInvocationHelper.java:133)
at org.testng.internal.TestInvoker.invokeMethod(TestInvoker.java:598)
at org.testng.internal.TestInvoker.invokeTestMethod(TestInvoker.java:173)
at org.testng.internal.MethodRunner.runInSequence(MethodRunner.java:46)
at org.testng.internal.TestInvoker$MethodInvocationAgent.invoke(TestInvoker.java:824)
at org.testng.internal.TestInvoker.invokeTestMethods(TestInvoker.java:146)
at org.testng.internal.TestMethodWorker.invokeTestMethods(TestMethodWorker.java:146)
at org.testng.internal.TestMethodWorker.run(TestMethodWorker.java:128)
at java.base/java.util.ArrayList.forEach(ArrayList.java:1511)
at org.testng.TestRunner.privateRun(TestRunner.java:794)
at org.testng.TestRunner.run(TestRunner.java:596)
at org.testng.SuiteRunner.runTest(SuiteRunner.java:377)
at org.testng.SuiteRunner.access$000(SuiteRunner.java:28)
at org.testng.SuiteRunner$SuiteWorker.run(SuiteRunner.java:418)
at org.testng.internal.thread.ThreadUtil.lambda$execute$0(ThreadUtil.java:64)
at java.base/java.util.concurrent.FutureTask.run(FutureTask.java:264)
at java.base/java.util.concurrent.ThreadPoolExecutor.runWorker(ThreadPoolExecutor.java:1130)
at java.base/java.util.concurrent.ThreadPoolExecutor$Worker.run(ThreadPoolExecutor.java:630)
at java.base/java.lang.Thread.run(Thread.java:831)
]]>
            </full-stacktrace>
          </exception> <!-- org.openqa.selenium.ElementClickInterceptedException -->
          <reporter-output>
          </reporter-output>
        </test-method> <!-- homepageleave -->
        <test-method is-config="true" signature="aftermethod()[pri:0, instance:testclass.Testclasststng@485966cc]" started-at="2022-07-02T18:31:20 IST" name="aftermethod" finished-at="2022-07-02T18:31:23 IST" duration-ms="3183" status="PASS">
          <reporter-output>
          </reporter-output>
        </test-method> <!-- aftermethod -->
        <test-method is-config="true" signature="homepagelogin()[pri:0, instance:testclass.Testclasststng@485966cc]" started-at="2022-07-02T18:31:23 IST" name="homepagelogin" finished-at="2022-07-02T18:31:26 IST" duration-ms="2815" status="PASS">
          <reporter-output>
          </reporter-output>
        </test-method> <!-- homepagelogin -->
        <test-method signature="homepageleave()[pri:1, instance:testclass.Testclasststng@485966cc]" started-at="2022-07-02T18:31:26 IST" name="homepageleave" finished-at="2022-07-02T18:31:32 IST" duration-ms="5871" status="FAIL">
          <exception class="org.openqa.selenium.ElementClickInterceptedException">
            <message>
              <![CDATA[element click intercepted: Element <input type="checkbox" name="leaveList[cmbWithTerminated]" value="on" id="leaveList_cmbWithTerminated"> is not clickable at point (192, 449). Other element would receive the click: <a class="ui-state-default" href="#">...</a>
  (Session info: chrome=103.0.5060.66)
Build info: version: '4.1.4', revision: '535d840ee2'
System info: host: 'HP', ip: '192.168.232.45', os.name: 'Windows 8', os.arch: 'amd64', os.version: '6.2', java.version: '16.0.2'
Driver info: org.openqa.selenium.chrome.ChromeDriver
Command: [403df0e89f17f1b70bcc3fc4a9abb04b, clickElement {id=64f3568d-0121-49f6-8aec-ac1bc30afe6b}]
Capabilities {acceptInsecureCerts: false, browserName: chrome, browserVersion: 103.0.5060.66, chrome: {chromedriverVersion: 102.0.5005.61 (0e59bcc00cc4..., userDataDir: C:\Users\WIN8~1\AppData\Loc...}, goog:chromeOptions: {debuggerAddress: localhost:49546}, javascriptEnabled: true, networkConnectionEnabled: false, pageLoadStrategy: normal, platform: WINDOWS, platformName: WINDOWS, proxy: Proxy(), se:cdp: ws://localhost:49546/devtoo..., se:cdpVersion: 103.0.5060.66, setWindowRect: true, strictFileInteractability: false, timeouts: {implicit: 0, pageLoad: 300000, script: 30000}, unhandledPromptBehavior: dismiss and notify, webauthn:extension:credBlob: true, webauthn:extension:largeBlob: true, webauthn:virtualAuthenticators: true}
Element: [[ChromeDriver: chrome on WINDOWS (403df0e89f17f1b70bcc3fc4a9abb04b)] -> xpath: //input [@id ='leaveList_cmbWithTerminated']]
Session ID: 403df0e89f17f1b70bcc3fc4a9abb04b]]>
            </message>
            <full-stacktrace>
              <![CDATA[org.openqa.selenium.ElementClickInterceptedException: element click intercepted: Element <input type="checkbox" name="leaveList[cmbWithTerminated]" value="on" id="leaveList_cmbWithTerminated"> is not clickable at point (192, 449). Other element would receive the click: <a class="ui-state-default" href="#">...</a>
  (Session info: chrome=103.0.5060.66)
Build info: version: '4.1.4', revision: '535d840ee2'
System info: host: 'HP', ip: '192.168.232.45', os.name: 'Windows 8', os.arch: 'amd64', os.version: '6.2', java.version: '16.0.2'
Driver info: org.openqa.selenium.chrome.ChromeDriver
Command: [403df0e89f17f1b70bcc3fc4a9abb04b, clickElement {id=64f3568d-0121-49f6-8aec-ac1bc30afe6b}]
Capabilities {acceptInsecureCerts: false, browserName: chrome, browserVersion: 103.0.5060.66, chrome: {chromedriverVersion: 102.0.5005.61 (0e59bcc00cc4..., userDataDir: C:\Users\WIN8~1\AppData\Loc...}, goog:chromeOptions: {debuggerAddress: localhost:49546}, javascriptEnabled: true, networkConnectionEnabled: false, pageLoadStrategy: normal, platform: WINDOWS, platformName: WINDOWS, proxy: Proxy(), se:cdp: ws://localhost:49546/devtoo..., se:cdpVersion: 103.0.5060.66, setWindowRect: true, strictFileInteractability: false, timeouts: {implicit: 0, pageLoad: 300000, script: 30000}, unhandledPromptBehavior: dismiss and notify, webauthn:extension:credBlob: true, webauthn:extension:largeBlob: true, webauthn:virtualAuthenticators: true}
Element: [[ChromeDriver: chrome on WINDOWS (403df0e89f17f1b70bcc3fc4a9abb04b)] -> xpath: //input [@id ='leaveList_cmbWithTerminated']]
Session ID: 403df0e89f17f1b70bcc3fc4a9abb04b
at java.base/jdk.internal.reflect.NativeConstructorAccessorImpl.newInstance0(Native Method)
at java.base/jdk.internal.reflect.NativeConstructorAccessorImpl.newInstance(NativeConstructorAccessorImpl.java:78)
at java.base/jdk.internal.reflect.DelegatingConstructorAccessorImpl.newInstance(DelegatingConstructorAccessorImpl.java:45)
at java.base/java.lang.reflect.Constructor.newInstanceWithCaller(Constructor.java:499)
at java.base/java.lang.reflect.Constructor.newInstance(Constructor.java:480)
at org.openqa.selenium.remote.codec.w3c.W3CHttpResponseCodec.createException(W3CHttpResponseCodec.java:200)
at org.openqa.selenium.remote.codec.w3c.W3CHttpResponseCodec.decode(W3CHttpResponseCodec.java:133)
at org.openqa.selenium.remote.codec.w3c.W3CHttpResponseCodec.decode(W3CHttpResponseCodec.java:53)
at org.openqa.selenium.remote.HttpCommandExecutor.execute(HttpCommandExecutor.java:184)
at org.openqa.selenium.remote.service.DriverCommandExecutor.invokeExecute(DriverCommandExecutor.java:167)
at org.openqa.selenium.remote.service.DriverCommandExecutor.execute(DriverCommandExecutor.java:142)
at org.openqa.selenium.remote.RemoteWebDriver.execute(RemoteWebDriver.java:567)
at org.openqa.selenium.remote.RemoteWebElement.execute(RemoteWebElement.java:251)
at org.openqa.selenium.remote.RemoteWebElement.click(RemoteWebElement.java:77)
at jdk.internal.reflect.GeneratedMethodAccessor1.invoke(Unknown Source)
at java.base/jdk.internal.reflect.DelegatingMethodAccessorImpl.invoke(DelegatingMethodAccessorImpl.java:43)
at java.base/java.lang.reflect.Method.invoke(Method.java:567)
at org.openqa.selenium.support.pagefactory.internal.LocatingElementHandler.invoke(LocatingElementHandler.java:52)
at jdk.proxy2/jdk.proxy2.$Proxy18.click(Unknown Source)
at Pomclass.Leavemodule.leavepastemp(Leavemodule.java:75)
at testclass.Testclasststng.homepageleave(Testclasststng.java:58)
at java.base/jdk.internal.reflect.NativeMethodAccessorImpl.invoke0(Native Method)
at java.base/jdk.internal.reflect.NativeMethodAccessorImpl.invoke(NativeMethodAccessorImpl.java:78)
at java.base/jdk.internal.reflect.DelegatingMethodAccessorImpl.invoke(DelegatingMethodAccessorImpl.java:43)
at java.base/java.lang.reflect.Method.invoke(Method.java:567)
at org.testng.internal.MethodInvocationHelper.invokeMethod(MethodInvocationHelper.java:133)
at org.testng.internal.TestInvoker.invokeMethod(TestInvoker.java:598)
at org.testng.internal.TestInvoker.invokeTestMethod(TestInvoker.java:173)
at org.testng.internal.MethodRunner.runInSequence(MethodRunner.java:46)
at org.testng.internal.TestInvoker$MethodInvocationAgent.invoke(TestInvoker.java:824)
at org.testng.internal.TestInvoker.invokeTestMethods(TestInvoker.java:146)
at org.testng.internal.TestMethodWorker.invokeTestMethods(TestMethodWorker.java:146)
at org.testng.internal.TestMethodWorker.run(TestMethodWorker.java:128)
at java.base/java.util.ArrayList.forEach(ArrayList.java:1511)
at org.testng.TestRunner.privateRun(TestRunner.java:794)
at org.testng.TestRunner.run(TestRunner.java:596)
at org.testng.SuiteRunner.runTest(SuiteRunner.java:377)
at org.testng.SuiteRunner.access$000(SuiteRunner.java:28)
at org.testng.SuiteRunner$SuiteWorker.run(SuiteRunner.java:418)
at org.testng.internal.thread.ThreadUtil.lambda$execute$0(ThreadUtil.java:64)
at java.base/java.util.concurrent.FutureTask.run(FutureTask.java:264)
at java.base/java.util.concurrent.ThreadPoolExecutor.runWorker(ThreadPoolExecutor.java:1130)
at java.base/java.util.concurrent.ThreadPoolExecutor$Worker.run(ThreadPoolExecutor.java:630)
at java.base/java.lang.Thread.run(Thread.java:831)
]]>
            </full-stacktrace>
          </exception> <!-- org.openqa.selenium.ElementClickInterceptedException -->
          <reporter-output>
          </reporter-output>
        </test-method> <!-- homepageleave -->
        <test-method is-config="true" signature="aftermethod()[pri:0, instance:testclass.Testclasststng@485966cc]" started-at="2022-07-02T18:31:32 IST" name="aftermethod" finished-at="2022-07-02T18:31:34 IST" duration-ms="1980" status="PASS">
          <reporter-output>
          </reporter-output>
        </test-method> <!-- aftermethod -->
        <test-method is-config="true" signature="homepagelogin()[pri:0, instance:testclass.Testclasststng@485966cc]" started-at="2022-07-02T18:31:34 IST" name="homepagelogin" finished-at="2022-07-02T18:31:36 IST" duration-ms="2333" status="PASS">
          <reporter-output>
          </reporter-output>
        </test-method> <!-- homepagelogin -->
        <test-method signature="homepageadmin()[pri:2, instance:testclass.Testclasststng@485966cc]" started-at="2022-07-02T18:31:36 IST" name="homepageadmin" finished-at="2022-07-02T18:31:40 IST" duration-ms="4268" status="PASS">
          <reporter-output>
          </reporter-output>
        </test-method> <!-- homepageadmin -->
        <test-method is-config="true" signature="aftermethod()[pri:0, instance:testclass.Testclasststng@485966cc]" started-at="2022-07-02T18:31:40 IST" name="aftermethod" finished-at="2022-07-02T18:31:43 IST" duration-ms="2422" status="PASS">
          <reporter-output>
          </reporter-output>
        </test-method> <!-- aftermethod -->
        <test-method is-config="true" signature="afterclass()[pri:0, instance:testclass.Testclasststng@485966cc]" started-at="2022-07-02T18:31:43 IST" name="afterclass" finished-at="2022-07-02T18:31:44 IST" duration-ms="1178" status="PASS">
          <reporter-output>
          </reporter-output>
        </test-method> <!-- afterclass -->
      </class> <!-- testclass.Testclasststng -->
    </test> <!-- ff -->
  </suite> <!-- Suite-1 -->
</testng-results>
